# JRE version: OpenJDK Runtime Environment (8.0_212-b04) (build 1.8.0_212-release-1586-b04)
# Java VM: OpenJDK 64-Bit Server VM (25.212-b04 mixed mode windows-amd64 compressed oops)
Heap:
 PSYoungGen      total 249344K, used 70891K [0x00000000e0000000, 0x00000000f2880000, 0x0000000100000000)
  eden space 228864K, 22% used [0x00000000e0000000,0x00000000e31423a8,0x00000000edf80000)
  from space 20480K, 99% used [0x00000000f1480000,0x00000000f2878a30,0x00000000f2880000)
  to   space 15360K, 0% used [0x00000000edf80000,0x00000000edf80000,0x00000000eee80000)
 ParOldGen       total 164864K, used 42671K [0x00000000a0000000, 0x00000000aa100000, 0x00000000e0000000)
  object space 164864K, 25% used [0x00000000a0000000,0x00000000a29abfb8,0x00000000aa100000)
 Metaspace       used 67677K, capacity 70635K, committed 70872K, reserved 1110016K
  class space    used 9266K, capacity 9901K, committed 9944K, reserved 1048576K
GC Heap History (10 events):
Event: 5.877 GC heap before
{Heap before GC invocations=9 (full 2):
 PSYoungGen      total 137216K, used 9926K [0x00000000e0000000, 0x00000000efd80000, 0x0000000100000000)
  eden space 124416K, 0% used [0x00000000e0000000,0x00000000e0000000,0x00000000e7980000)
  from space 12800K, 77% used [0x00000000e7980000,0x00000000e83318f0,0x00000000e8600000)
  to   space 12800K, 0% used [0x00000000ef100000,0x00000000ef100000,0x00000000efd80000)
 ParOldGen       total 79360K, used 7232K [0x00000000a0000000, 0x00000000a4d80000, 0x00000000e0000000)
  object space 79360K, 9% used [0x00000000a0000000,0x00000000a0710058,0x00000000a4d80000)
 Metaspace       used 34528K, capacity 35380K, committed 35456K, reserved 1079296K
  class space    used 4745K, capacity 4965K, committed 4992K, reserved 1048576K
Event: 6.058 GC heap after
Heap after GC invocations=9 (full 2):
 PSYoungGen      total 137216K, used 0K [0x00000000e0000000, 0x00000000efd80000, 0x0000000100000000)
  eden space 124416K, 0% used [0x00000000e0000000,0x00000000e0000000,0x00000000e7980000)
  from space 12800K, 0% used [0x00000000e7980000,0x00000000e7980000,0x00000000e8600000)
  to   space 12800K, 0% used [0x00000000ef100000,0x00000000ef100000,0x00000000efd80000)
 ParOldGen       total 113152K, used 16723K [0x00000000a0000000, 0x00000000a6e80000, 0x00000000e0000000)
  object space 113152K, 14% used [0x00000000a0000000,0x00000000a1054ea0,0x00000000a6e80000)
 Metaspace       used 34517K, capacity 35344K, committed 35456K, reserved 1079296K
  class space    used 4742K, capacity 4959K, committed 4992K, reserved 1048576K
}
Event: 9.190 GC heap before
{Heap before GC invocations=10 (full 2):
 PSYoungGen      total 137216K, used 124416K [0x00000000e0000000, 0x00000000efd80000, 0x0000000100000000)
  eden space 124416K, 100% used [0x00000000e0000000,0x00000000e7980000,0x00000000e7980000)
  from space 12800K, 0% used [0x00000000e7980000,0x00000000e7980000,0x00000000e8600000)
  to   space 12800K, 0% used [0x00000000ef100000,0x00000000ef100000,0x00000000efd80000)
 ParOldGen       total 113152K, used 16723K [0x00000000a0000000, 0x00000000a6e80000, 0x00000000e0000000)
  object space 113152K, 14% used [0x00000000a0000000,0x00000000a1054ea0,0x00000000a6e80000)
 Metaspace       used 47335K, capacity 48520K, committed 48896K, reserved 1091584K
  class space    used 6325K, capacity 6602K, committed 6656K, reserved 1048576K
Event: 9.203 GC heap after
Heap after GC invocations=10 (full 2):
 PSYoungGen      total 210944K, used 12786K [0x00000000e0000000, 0x00000000efd80000, 0x0000000100000000)
  eden space 198144K, 0% used [0x00000000e0000000,0x00000000e0000000,0x00000000ec180000)
  from space 12800K, 99% used [0x00000000ef100000,0x00000000efd7cbb8,0x00000000efd80000)
  to   space 15360K, 0% used [0x00000000edf80000,0x00000000edf80000,0x00000000eee80000)
 ParOldGen       total 113152K, used 19973K [0x00000000a0000000, 0x00000000a6e80000, 0x00000000e0000000)
  object space 113152K, 17% used [0x00000000a0000000,0x00000000a1381710,0x00000000a6e80000)
 Metaspace       used 47335K, capacity 48520K, committed 48896K, reserved 1091584K
  class space    used 6325K, capacity 6602K, committed 6656K, reserved 1048576K
}
Event: 11.238 GC heap before
{Heap before GC invocations=11 (full 2):
 PSYoungGen      total 210944K, used 159373K [0x00000000e0000000, 0x00000000efd80000, 0x0000000100000000)
  eden space 198144K, 73% used [0x00000000e0000000,0x00000000e8f26910,0x00000000ec180000)
  from space 12800K, 99% used [0x00000000ef100000,0x00000000efd7cbb8,0x00000000efd80000)
  to   space 15360K, 0% used [0x00000000edf80000,0x00000000edf80000,0x00000000eee80000)
 ParOldGen       total 113152K, used 19973K [0x00000000a0000000, 0x00000000a6e80000, 0x00000000e0000000)
  object space 113152K, 17% used [0x00000000a0000000,0x00000000a1381710,0x00000000a6e80000)
 Metaspace       used 57073K, capacity 59047K, committed 59096K, reserved 1099776K
  class space    used 7886K, capacity 8359K, committed 8408K, reserved 1048576K
Event: 11.264 GC heap after
Heap after GC invocations=11 (full 2):
 PSYoungGen      total 244224K, used 15349K [0x00000000e0000000, 0x00000000f2880000, 0x0000000100000000)
  eden space 228864K, 0% used [0x00000000e0000000,0x00000000e0000000,0x00000000edf80000)
  from space 15360K, 99% used [0x00000000edf80000,0x00000000eee7d7b0,0x00000000eee80000)
  to   space 20480K, 0% used [0x00000000f1480000,0x00000000f1480000,0x00000000f2880000)
 ParOldGen       total 113152K, used 28377K [0x00000000a0000000, 0x00000000a6e80000, 0x00000000e0000000)
  object space 113152K, 25% used [0x00000000a0000000,0x00000000a1bb6610,0x00000000a6e80000)
 Metaspace       used 57073K, capacity 59047K, committed 59096K, reserved 1099776K
  class space    used 7886K, capacity 8359K, committed 8408K, reserved 1048576K
}
Event: 11.264 GC heap before
{Heap before GC invocations=12 (full 3):
 PSYoungGen      total 244224K, used 15349K [0x00000000e0000000, 0x00000000f2880000, 0x0000000100000000)
  eden space 228864K, 0% used [0x00000000e0000000,0x00000000e0000000,0x00000000edf80000)
  from space 15360K, 99% used [0x00000000edf80000,0x00000000eee7d7b0,0x00000000eee80000)
  to   space 20480K, 0% used [0x00000000f1480000,0x00000000f1480000,0x00000000f2880000)
 ParOldGen       total 113152K, used 28377K [0x00000000a0000000, 0x00000000a6e80000, 0x00000000e0000000)
  object space 113152K, 25% used [0x00000000a0000000,0x00000000a1bb6610,0x00000000a6e80000)
 Metaspace       used 57073K, capacity 59047K, committed 59096K, reserved 1099776K
  class space    used 7886K, capacity 8359K, committed 8408K, reserved 1048576K
Event: 11.476 GC heap after
Heap after GC invocations=12 (full 3):
 PSYoungGen      total 244224K, used 0K [0x00000000e0000000, 0x00000000f2880000, 0x0000000100000000)
  eden space 228864K, 0% used [0x00000000e0000000,0x00000000e0000000,0x00000000edf80000)
  from space 15360K, 0% used [0x00000000edf80000,0x00000000edf80000,0x00000000eee80000)
  to   space 20480K, 0% used [0x00000000f1480000,0x00000000f1480000,0x00000000f2880000)
 ParOldGen       total 164864K, used 37658K [0x00000000a0000000, 0x00000000aa100000, 0x00000000e0000000)
  object space 164864K, 22% used [0x00000000a0000000,0x00000000a24c68e8,0x00000000aa100000)
 Metaspace       used 57041K, capacity 58961K, committed 59096K, reserved 1099776K
  class space    used 7876K, capacity 8342K, committed 8408K, reserved 1048576K
}
Event: 13.743 GC heap before
{Heap before GC invocations=13 (full 3):
 PSYoungGen      total 244224K, used 228864K [0x00000000e0000000, 0x00000000f2880000, 0x0000000100000000)
  eden space 228864K, 100% used [0x00000000e0000000,0x00000000edf80000,0x00000000edf80000)
  from space 15360K, 0% used [0x00000000edf80000,0x00000000edf80000,0x00000000eee80000)
  to   space 20480K, 0% used [0x00000000f1480000,0x00000000f1480000,0x00000000f2880000)
 ParOldGen       total 164864K, used 37685K [0x00000000a0000000, 0x00000000aa100000, 0x00000000e0000000)
  object space 164864K, 22% used [0x00000000a0000000,0x00000000a24cd738,0x00000000aa100000)
 Metaspace       used 65602K, capacity 68313K, committed 68568K, reserved 1107968K
  class space    used 9050K, capacity 9608K, committed 9688K, reserved 1048576K
Event: 13.774 GC heap after
Heap after GC invocations=13 (full 3):
 PSYoungGen      total 249344K, used 20450K [0x00000000e0000000, 0x00000000f2880000, 0x0000000100000000)
  eden space 228864K, 0% used [0x00000000e0000000,0x00000000e0000000,0x00000000edf80000)
  from space 20480K, 99% used [0x00000000f1480000,0x00000000f2878a30,0x00000000f2880000)
  to   space 15360K, 0% used [0x00000000edf80000,0x00000000edf80000,0x00000000eee80000)
 ParOldGen       total 164864K, used 42671K [0x00000000a0000000, 0x00000000aa100000, 0x00000000e0000000)
  object space 164864K, 25% used [0x00000000a0000000,0x00000000a29abfb8,0x00000000aa100000)
 Metaspace       used 65602K, capacity 68313K, committed 68568K, reserved 1107968K
  class space    used 9050K, capacity 9608K, committed 9688K, reserved 1048576K
}

