# JRE version: OpenJDK Runtime Environment (8.0_212-b04) (build 1.8.0_212-release-1586-b04)
# Java VM: OpenJDK 64-Bit Server VM (25.212-b04 mixed mode windows-amd64 compressed oops)
Heap:
 PSYoungGen      total 282624K, used 189377K [0x00000000e0000000, 0x00000000f3f80000, 0x0000000100000000)
  eden space 246272K, 66% used [0x00000000e0000000,0x00000000e9f2de38,0x00000000ef080000)
  from space 36352K, 72% used [0x00000000f1c00000,0x00000000f35c27c8,0x00000000f3f80000)
  to   space 40448K, 0% used [0x00000000ef080000,0x00000000ef080000,0x00000000f1800000)
 ParOldGen       total 359424K, used 84873K [0x00000000a0000000, 0x00000000b5f00000, 0x00000000e0000000)
  object space 359424K, 23% used [0x00000000a0000000,0x00000000a52e27d0,0x00000000b5f00000)
 Metaspace       used 104070K, capacity 109166K, committed 109336K, reserved 1144832K
  class space    used 13342K, capacity 14368K, committed 14376K, reserved 1048576K
GC Heap History (10 events):
Event: 330.388 GC heap before
{Heap before GC invocations=18 (full 4):
 PSYoungGen      total 269312K, used 35297K [0x00000000e0000000, 0x00000000f3800000, 0x0000000100000000)
  eden space 233984K, 0% used [0x00000000e0000000,0x00000000e0000000,0x00000000ee480000)
  from space 35328K, 99% used [0x00000000f0c00000,0x00000000f2e786e8,0x00000000f2e80000)
  to   space 40448K, 0% used [0x00000000ee480000,0x00000000ee480000,0x00000000f0c00000)
 ParOldGen       total 216064K, used 89517K [0x00000000a0000000, 0x00000000ad300000, 0x00000000e0000000)
  object space 216064K, 41% used [0x00000000a0000000,0x00000000a576b5c0,0x00000000ad300000)
 Metaspace       used 94531K, capacity 98534K, committed 98600K, reserved 1134592K
  class space    used 12315K, capacity 13197K, committed 13224K, reserved 1048576K
Event: 330.638 GC heap after
Heap after GC invocations=18 (full 4):
 PSYoungGen      total 269312K, used 0K [0x00000000e0000000, 0x00000000f3800000, 0x0000000100000000)
  eden space 233984K, 0% used [0x00000000e0000000,0x00000000e0000000,0x00000000ee480000)
  from space 35328K, 0% used [0x00000000f0c00000,0x00000000f0c00000,0x00000000f2e80000)
  to   space 40448K, 0% used [0x00000000ee480000,0x00000000ee480000,0x00000000f0c00000)
 ParOldGen       total 359424K, used 84841K [0x00000000a0000000, 0x00000000b5f00000, 0x00000000e0000000)
  object space 359424K, 23% used [0x00000000a0000000,0x00000000a52da7d0,0x00000000b5f00000)
 Metaspace       used 94291K, capacity 97876K, committed 98600K, reserved 1134592K
  class space    used 12234K, capacity 13054K, committed 13224K, reserved 1048576K
}
Event: 334.506 GC heap before
{Heap before GC invocations=19 (full 4):
 PSYoungGen      total 269312K, used 233984K [0x00000000e0000000, 0x00000000f3800000, 0x0000000100000000)
  eden space 233984K, 100% used [0x00000000e0000000,0x00000000ee480000,0x00000000ee480000)
  from space 35328K, 0% used [0x00000000f0c00000,0x00000000f0c00000,0x00000000f2e80000)
  to   space 40448K, 0% used [0x00000000ee480000,0x00000000ee480000,0x00000000f0c00000)
 ParOldGen       total 359424K, used 84841K [0x00000000a0000000, 0x00000000b5f00000, 0x00000000e0000000)
  object space 359424K, 23% used [0x00000000a0000000,0x00000000a52da7d0,0x00000000b5f00000)
 Metaspace       used 100964K, capacity 105398K, committed 105496K, reserved 1140736K
  class space    used 13107K, capacity 14033K, committed 14120K, reserved 1048576K
Event: 334.525 GC heap after
Heap after GC invocations=19 (full 4):
 PSYoungGen      total 274432K, used 7247K [0x00000000e0000000, 0x00000000f5180000, 0x0000000100000000)
  eden space 233984K, 0% used [0x00000000e0000000,0x00000000e0000000,0x00000000ee480000)
  from space 40448K, 17% used [0x00000000ee480000,0x00000000eeb93f70,0x00000000f0c00000)
  to   space 40448K, 0% used [0x00000000f2a00000,0x00000000f2a00000,0x00000000f5180000)
 ParOldGen       total 359424K, used 84849K [0x00000000a0000000, 0x00000000b5f00000, 0x00000000e0000000)
  object space 359424K, 23% used [0x00000000a0000000,0x00000000a52dc7d0,0x00000000b5f00000)
 Metaspace       used 100964K, capacity 105398K, committed 105496K, reserved 1140736K
  class space    used 13107K, capacity 14033K, committed 14120K, reserved 1048576K
}
Event: 496.232 GC heap before
{Heap before GC invocations=20 (full 4):
 PSYoungGen      total 274432K, used 241231K [0x00000000e0000000, 0x00000000f5180000, 0x0000000100000000)
  eden space 233984K, 100% used [0x00000000e0000000,0x00000000ee480000,0x00000000ee480000)
  from space 40448K, 17% used [0x00000000ee480000,0x00000000eeb93f70,0x00000000f0c00000)
  to   space 40448K, 0% used [0x00000000f2a00000,0x00000000f2a00000,0x00000000f5180000)
 ParOldGen       total 359424K, used 84849K [0x00000000a0000000, 0x00000000b5f00000, 0x00000000e0000000)
  object space 359424K, 23% used [0x00000000a0000000,0x00000000a52dc7d0,0x00000000b5f00000)
 Metaspace       used 101403K, capacity 105906K, committed 106008K, reserved 1140736K
  class space    used 13121K, capacity 14053K, committed 14120K, reserved 1048576K
Event: 496.246 GC heap after
Heap after GC invocations=20 (full 4):
 PSYoungGen      total 289792K, used 10963K [0x00000000e0000000, 0x00000000f4880000, 0x0000000100000000)
  eden space 258560K, 0% used [0x00000000e0000000,0x00000000e0000000,0x00000000efc80000)
  from space 31232K, 35% used [0x00000000f2a00000,0x00000000f34b4de8,0x00000000f4880000)
  to   space 38912K, 0% used [0x00000000efc80000,0x00000000efc80000,0x00000000f2280000)
 ParOldGen       total 359424K, used 84857K [0x00000000a0000000, 0x00000000b5f00000, 0x00000000e0000000)
  object space 359424K, 23% used [0x00000000a0000000,0x00000000a52de7d0,0x00000000b5f00000)
 Metaspace       used 101403K, capacity 105906K, committed 106008K, reserved 1140736K
  class space    used 13121K, capacity 14053K, committed 14120K, reserved 1048576K
}
Event: 5698.997 GC heap before
{Heap before GC invocations=21 (full 4):
 PSYoungGen      total 289792K, used 269523K [0x00000000e0000000, 0x00000000f4880000, 0x0000000100000000)
  eden space 258560K, 100% used [0x00000000e0000000,0x00000000efc80000,0x00000000efc80000)
  from space 31232K, 35% used [0x00000000f2a00000,0x00000000f34b4de8,0x00000000f4880000)
  to   space 38912K, 0% used [0x00000000efc80000,0x00000000efc80000,0x00000000f2280000)
 ParOldGen       total 359424K, used 84857K [0x00000000a0000000, 0x00000000b5f00000, 0x00000000e0000000)
  object space 359424K, 23% used [0x00000000a0000000,0x00000000a52de7d0,0x00000000b5f00000)
 Metaspace       used 103283K, capacity 108222K, committed 108312K, reserved 1142784K
  class space    used 13323K, capacity 14336K, committed 14376K, reserved 1048576K
Event: 5699.093 GC heap after
Heap after GC invocations=21 (full 4):
 PSYoungGen      total 259072K, used 6475K [0x00000000e0000000, 0x00000000f4180000, 0x0000000100000000)
  eden space 252416K, 0% used [0x00000000e0000000,0x00000000e0000000,0x00000000ef680000)
  from space 6656K, 97% used [0x00000000efc80000,0x00000000f02d2f48,0x00000000f0300000)
  to   space 38400K, 0% used [0x00000000f1c00000,0x00000000f1c00000,0x00000000f4180000)
 ParOldGen       total 359424K, used 84865K [0x00000000a0000000, 0x00000000b5f00000, 0x00000000e0000000)
  object space 359424K, 23% used [0x00000000a0000000,0x00000000a52e07d0,0x00000000b5f00000)
 Metaspace       used 103283K, capacity 108222K, committed 108312K, reserved 1142784K
  class space    used 13323K, capacity 14336K, committed 14376K, reserved 1048576K
}
Event: 7644.446 GC heap before
{Heap before GC invocations=22 (full 4):
 PSYoungGen      total 259072K, used 258891K [0x00000000e0000000, 0x00000000f4180000, 0x0000000100000000)
  eden space 252416K, 100% used [0x00000000e0000000,0x00000000ef680000,0x00000000ef680000)
  from space 6656K, 97% used [0x00000000efc80000,0x00000000f02d2f48,0x00000000f0300000)
  to   space 38400K, 0% used [0x00000000f1c00000,0x00000000f1c00000,0x00000000f4180000)
 ParOldGen       total 359424K, used 84865K [0x00000000a0000000, 0x00000000b5f00000, 0x00000000e0000000)
  object space 359424K, 23% used [0x00000000a0000000,0x00000000a52e07d0,0x00000000b5f00000)
 Metaspace       used 103737K, capacity 108862K, committed 109080K, reserved 1144832K
  class space    used 13341K, capacity 14368K, committed 14376K, reserved 1048576K
Event: 7644.486 GC heap after
Heap after GC invocations=22 (full 4):
 PSYoungGen      total 282624K, used 26377K [0x00000000e0000000, 0x00000000f3f80000, 0x0000000100000000)
  eden space 246272K, 0% used [0x00000000e0000000,0x00000000e0000000,0x00000000ef080000)
  from space 36352K, 72% used [0x00000000f1c00000,0x00000000f35c27c8,0x00000000f3f80000)
  to   space 40448K, 0% used [0x00000000ef080000,0x00000000ef080000,0x00000000f1800000)
 ParOldGen       total 359424K, used 84873K [0x00000000a0000000, 0x00000000b5f00000, 0x00000000e0000000)
  object space 359424K, 23% used [0x00000000a0000000,0x00000000a52e27d0,0x00000000b5f00000)
 Metaspace       used 103737K, capacity 108862K, committed 109080K, reserved 1144832K
  class space    used 13341K, capacity 14368K, committed 14376K, reserved 1048576K
}

