# JRE version: OpenJDK Runtime Environment (8.0_212-b04) (build 1.8.0_212-release-1586-b04)
# Java VM: OpenJDK 64-Bit Server VM (25.212-b04 mixed mode windows-amd64 compressed oops)
Heap:
 PSYoungGen      total 257536K, used 142245K [0x00000000e0000000, 0x00000000f0d80000, 0x0000000100000000)
  eden space 246272K, 53% used [0x00000000e0000000,0x00000000e7ff0670,0x00000000ef080000)
  from space 11264K, 99% used [0x00000000f0280000,0x00000000f0d790b0,0x00000000f0d80000)
  to   space 14848K, 0% used [0x00000000ef080000,0x00000000ef080000,0x00000000eff00000)
 ParOldGen       total 149504K, used 60875K [0x00000000a0000000, 0x00000000a9200000, 0x00000000e0000000)
  object space 149504K, 40% used [0x00000000a0000000,0x00000000a3b72f08,0x00000000a9200000)
 Metaspace       used 83949K, capacity 87448K, committed 87464K, reserved 1124352K
  class space    used 11196K, capacity 11931K, committed 11944K, reserved 1048576K
GC Heap History (10 events):
Event: 7.887 GC heap before
{Heap before GC invocations=9 (full 2):
 PSYoungGen      total 257536K, used 246272K [0x00000000e0000000, 0x00000000f0d80000, 0x0000000100000000)
  eden space 246272K, 100% used [0x00000000e0000000,0x00000000ef080000,0x00000000ef080000)
  from space 11264K, 0% used [0x00000000f0280000,0x00000000f0280000,0x00000000f0d80000)
  to   space 14848K, 0% used [0x00000000ef080000,0x00000000ef080000,0x00000000eff00000)
 ParOldGen       total 105472K, used 17158K [0x00000000a0000000, 0x00000000a6700000, 0x00000000e0000000)
  object space 105472K, 16% used [0x00000000a0000000,0x00000000a10c1810,0x00000000a6700000)
 Metaspace       used 56024K, capacity 57874K, committed 58024K, reserved 1099776K
  class space    used 7695K, capacity 8092K, committed 8104K, reserved 1048576K
Event: 7.928 GC heap after
Heap after GC invocations=9 (full 2):
 PSYoungGen      total 261120K, used 14845K [0x00000000e0000000, 0x00000000f0d80000, 0x0000000100000000)
  eden space 246272K, 0% used [0x00000000e0000000,0x00000000e0000000,0x00000000ef080000)
  from space 14848K, 99% used [0x00000000ef080000,0x00000000efeff7b0,0x00000000eff00000)
  to   space 11264K, 0% used [0x00000000f0280000,0x00000000f0280000,0x00000000f0d80000)
 ParOldGen       total 105472K, used 31075K [0x00000000a0000000, 0x00000000a6700000, 0x00000000e0000000)
  object space 105472K, 29% used [0x00000000a0000000,0x00000000a1e58e30,0x00000000a6700000)
 Metaspace       used 56024K, capacity 57874K, committed 58024K, reserved 1099776K
  class space    used 7695K, capacity 8092K, committed 8104K, reserved 1048576K
}
Event: 8.203 GC heap before
{Heap before GC invocations=10 (full 2):
 PSYoungGen      total 261120K, used 40341K [0x00000000e0000000, 0x00000000f0d80000, 0x0000000100000000)
  eden space 246272K, 10% used [0x00000000e0000000,0x00000000e18e5ce0,0x00000000ef080000)
  from space 14848K, 99% used [0x00000000ef080000,0x00000000efeff7b0,0x00000000eff00000)
  to   space 11264K, 0% used [0x00000000f0280000,0x00000000f0280000,0x00000000f0d80000)
 ParOldGen       total 105472K, used 31075K [0x00000000a0000000, 0x00000000a6700000, 0x00000000e0000000)
  object space 105472K, 29% used [0x00000000a0000000,0x00000000a1e58e30,0x00000000a6700000)
 Metaspace       used 57132K, capacity 59068K, committed 59160K, reserved 1099776K
  class space    used 7887K, capacity 8323K, committed 8360K, reserved 1048576K
Event: 8.236 GC heap after
Heap after GC invocations=10 (full 2):
 PSYoungGen      total 257536K, used 11237K [0x00000000e0000000, 0x00000000f0d80000, 0x0000000100000000)
  eden space 246272K, 0% used [0x00000000e0000000,0x00000000e0000000,0x00000000ef080000)
  from space 11264K, 99% used [0x00000000f0280000,0x00000000f0d797a0,0x00000000f0d80000)
  to   space 14848K, 0% used [0x00000000ef080000,0x00000000ef080000,0x00000000eff00000)
 ParOldGen       total 105472K, used 37084K [0x00000000a0000000, 0x00000000a6700000, 0x00000000e0000000)
  object space 105472K, 35% used [0x00000000a0000000,0x00000000a24373a8,0x00000000a6700000)
 Metaspace       used 57132K, capacity 59068K, committed 59160K, reserved 1099776K
  class space    used 7887K, capacity 8323K, committed 8360K, reserved 1048576K
}
Event: 8.236 GC heap before
{Heap before GC invocations=11 (full 3):
 PSYoungGen      total 257536K, used 11237K [0x00000000e0000000, 0x00000000f0d80000, 0x0000000100000000)
  eden space 246272K, 0% used [0x00000000e0000000,0x00000000e0000000,0x00000000ef080000)
  from space 11264K, 99% used [0x00000000f0280000,0x00000000f0d797a0,0x00000000f0d80000)
  to   space 14848K, 0% used [0x00000000ef080000,0x00000000ef080000,0x00000000eff00000)
 ParOldGen       total 105472K, used 37084K [0x00000000a0000000, 0x00000000a6700000, 0x00000000e0000000)
  object space 105472K, 35% used [0x00000000a0000000,0x00000000a24373a8,0x00000000a6700000)
 Metaspace       used 57132K, capacity 59068K, committed 59160K, reserved 1099776K
  class space    used 7887K, capacity 8323K, committed 8360K, reserved 1048576K
Event: 8.761 GC heap after
Heap after GC invocations=11 (full 3):
 PSYoungGen      total 257536K, used 0K [0x00000000e0000000, 0x00000000f0d80000, 0x0000000100000000)
  eden space 246272K, 0% used [0x00000000e0000000,0x00000000e0000000,0x00000000ef080000)
  from space 11264K, 0% used [0x00000000f0280000,0x00000000f0280000,0x00000000f0d80000)
  to   space 14848K, 0% used [0x00000000ef080000,0x00000000ef080000,0x00000000eff00000)
 ParOldGen       total 149504K, used 31510K [0x00000000a0000000, 0x00000000a9200000, 0x00000000e0000000)
  object space 149504K, 21% used [0x00000000a0000000,0x00000000a1ec5aa0,0x00000000a9200000)
 Metaspace       used 57119K, capacity 59030K, committed 59160K, reserved 1099776K
  class space    used 7883K, capacity 8316K, committed 8360K, reserved 1048576K
}
Event: 11.940 GC heap before
{Heap before GC invocations=12 (full 3):
 PSYoungGen      total 257536K, used 246272K [0x00000000e0000000, 0x00000000f0d80000, 0x0000000100000000)
  eden space 246272K, 100% used [0x00000000e0000000,0x00000000ef080000,0x00000000ef080000)
  from space 11264K, 0% used [0x00000000f0280000,0x00000000f0280000,0x00000000f0d80000)
  to   space 14848K, 0% used [0x00000000ef080000,0x00000000ef080000,0x00000000eff00000)
 ParOldGen       total 149504K, used 31510K [0x00000000a0000000, 0x00000000a9200000, 0x00000000e0000000)
  object space 149504K, 21% used [0x00000000a0000000,0x00000000a1ec5aa0,0x00000000a9200000)
 Metaspace       used 66725K, capacity 69012K, committed 69288K, reserved 1110016K
  class space    used 9097K, capacity 9607K, committed 9640K, reserved 1048576K
Event: 12.001 GC heap after
Heap after GC invocations=12 (full 3):
 PSYoungGen      total 261120K, used 14825K [0x00000000e0000000, 0x00000000f0d80000, 0x0000000100000000)
  eden space 246272K, 0% used [0x00000000e0000000,0x00000000e0000000,0x00000000ef080000)
  from space 14848K, 99% used [0x00000000ef080000,0x00000000efefa7f8,0x00000000eff00000)
  to   space 11264K, 0% used [0x00000000f0280000,0x00000000f0280000,0x00000000f0d80000)
 ParOldGen       total 149504K, used 40090K [0x00000000a0000000, 0x00000000a9200000, 0x00000000e0000000)
  object space 149504K, 26% used [0x00000000a0000000,0x00000000a2726970,0x00000000a9200000)
 Metaspace       used 66725K, capacity 69012K, committed 69288K, reserved 1110016K
  class space    used 9097K, capacity 9607K, committed 9640K, reserved 1048576K
}
Event: 15.341 GC heap before
{Heap before GC invocations=13 (full 3):
 PSYoungGen      total 261120K, used 261097K [0x00000000e0000000, 0x00000000f0d80000, 0x0000000100000000)
  eden space 246272K, 100% used [0x00000000e0000000,0x00000000ef080000,0x00000000ef080000)
  from space 14848K, 99% used [0x00000000ef080000,0x00000000efefa7f8,0x00000000eff00000)
  to   space 11264K, 0% used [0x00000000f0280000,0x00000000f0280000,0x00000000f0d80000)
 ParOldGen       total 149504K, used 40090K [0x00000000a0000000, 0x00000000a9200000, 0x00000000e0000000)
  object space 149504K, 26% used [0x00000000a0000000,0x00000000a2726970,0x00000000a9200000)
 Metaspace       used 78122K, capacity 81450K, committed 81704K, reserved 1120256K
  class space    used 10585K, capacity 11256K, committed 11304K, reserved 1048576K
Event: 15.365 GC heap after
Heap after GC invocations=13 (full 3):
 PSYoungGen      total 257536K, used 11236K [0x00000000e0000000, 0x00000000f0d80000, 0x0000000100000000)
  eden space 246272K, 0% used [0x00000000e0000000,0x00000000e0000000,0x00000000ef080000)
  from space 11264K, 99% used [0x00000000f0280000,0x00000000f0d790b0,0x00000000f0d80000)
  to   space 14848K, 0% used [0x00000000ef080000,0x00000000ef080000,0x00000000eff00000)
 ParOldGen       total 149504K, used 60875K [0x00000000a0000000, 0x00000000a9200000, 0x00000000e0000000)
  object space 149504K, 40% used [0x00000000a0000000,0x00000000a3b72f08,0x00000000a9200000)
 Metaspace       used 78122K, capacity 81450K, committed 81704K, reserved 1120256K
  class space    used 10585K, capacity 11256K, committed 11304K, reserved 1048576K
}

